::1 - - [21/Mar/2019:18:41:32 +0000] "GET /api HTTP/1.1" 200 731
::1 - - [21/Mar/2019:18:41:33 +0000] "GET /css/app.c179f82a.css HTTP/1.1" 200 880
::1 - - [21/Mar/2019:18:41:33 +0000] "GET /js/app.a5a2c3d6.js HTTP/1.1" 200 6488
::1 - - [21/Mar/2019:18:41:33 +0000] "GET /js/chunk-vendors.3d4cd4b5.js HTTP/1.1" 200 166056
::1 - - [21/Mar/2019:18:41:33 +0000] "GET /favicon.ico HTTP/1.1" 200 1150
::1 - - [21/Mar/2019:18:41:51 +0000] "GET /api/buildings HTTP/1.1" 200 46
::1 - - [02/Apr/2019:00:16:56 +0000] "GET /api HTTP/1.1" 200 731
::1 - - [02/Apr/2019:00:16:56 +0000] "GET /css/app.c179f82a.css HTTP/1.1" 200 880
::1 - - [02/Apr/2019:00:16:56 +0000] "GET /js/app.a5a2c3d6.js HTTP/1.1" 200 6488
::1 - - [02/Apr/2019:00:16:56 +0000] "GET /js/chunk-vendors.3d4cd4b5.js HTTP/1.1" 200 166056
::1 - - [02/Apr/2019:00:16:57 +0000] "GET /favicon.ico HTTP/1.1" 200 1150
::1 - - [02/Apr/2019:00:17:27 +0000] "GET /api/ HTTP/1.1" 200 731
::1 - - [02/Apr/2019:00:17:45 +0000] "GET /api/buildings HTTP/1.1" 200 46
::1 - - [02/Apr/2019:00:17:52 +0000] "GET /api/devices HTTP/1.1" 200 2142
::1 - - [03/Apr/2019:15:14:48 +0000] "GET /api HTTP/1.1" 304 -
::1 - - [03/Apr/2019:15:14:50 +0000] "GET /css/app.c179f82a.css HTTP/1.1" 304 -
::1 - - [03/Apr/2019:15:14:50 +0000] "GET /js/app.a5a2c3d6.js HTTP/1.1" 304 -
::1 - - [03/Apr/2019:15:14:50 +0000] "GET /js/chunk-vendors.3d4cd4b5.js HTTP/1.1" 200 166056
::1 - - [03/Apr/2019:15:15:14 +0000] "GET /css/app.c179f82a.css HTTP/1.1" 304 -
::1 - - [03/Apr/2019:15:15:14 +0000] "GET /js/app.a5a2c3d6.js.map HTTP/1.1" 200 18165
::1 - - [03/Apr/2019:15:15:14 +0000] "GET /js/chunk-vendors.3d4cd4b5.js.map HTTP/1.1" 200 430104
::1 - - [03/Apr/2019:15:16:14 +0000] "GET /api HTTP/1.1" 304 -
::1 - - [03/Apr/2019:15:16:14 +0000] "GET /css/app.c179f82a.css HTTP/1.1" 304 -
::1 - - [03/Apr/2019:15:16:14 +0000] "GET /js/app.a5a2c3d6.js HTTP/1.1" 304 -
::1 - - [03/Apr/2019:15:16:14 +0000] "GET /js/chunk-vendors.3d4cd4b5.js HTTP/1.1" 304 -
::1 - - [03/Apr/2019:15:16:15 +0000] "GET /js/app.a5a2c3d6.js.map HTTP/1.1" 304 -
::1 - - [03/Apr/2019:15:16:15 +0000] "GET /js/chunk-vendors.3d4cd4b5.js.map HTTP/1.1" 304 -
::1 - - [03/Apr/2019:15:16:15 +0000] "GET /favicon.ico HTTP/1.1" 200 1150
::1 - - [03/Apr/2019:15:16:28 +0000] "GET /api HTTP/1.1" 304 -
::1 - - [03/Apr/2019:15:16:29 +0000] "GET /css/app.c179f82a.css HTTP/1.1" 304 -
::1 - - [03/Apr/2019:15:16:29 +0000] "GET /js/app.a5a2c3d6.js HTTP/1.1" 304 -
::1 - - [03/Apr/2019:15:16:29 +0000] "GET /js/chunk-vendors.3d4cd4b5.js HTTP/1.1" 304 -
::1 - - [03/Apr/2019:15:16:29 +0000] "GET /js/app.a5a2c3d6.js.map HTTP/1.1" 304 -
::1 - - [03/Apr/2019:15:16:29 +0000] "GET /js/chunk-vendors.3d4cd4b5.js.map HTTP/1.1" 304 -
::1 - - [03/Apr/2019:15:16:29 +0000] "GET /favicon.ico HTTP/1.1" 200 1150
::1 - - [03/Apr/2019:15:16:36 +0000] "GET /api HTTP/1.1" 304 -
::1 - - [03/Apr/2019:15:16:37 +0000] "GET /js/app.a5a2c3d6.js HTTP/1.1" 304 -
::1 - - [03/Apr/2019:15:16:37 +0000] "GET /css/app.c179f82a.css HTTP/1.1" 304 -
::1 - - [03/Apr/2019:15:16:37 +0000] "GET /js/chunk-vendors.3d4cd4b5.js HTTP/1.1" 304 -
::1 - - [03/Apr/2019:15:17:04 +0000] "GET /api HTTP/1.1" 304 -
::1 - - [03/Apr/2019:15:17:04 +0000] "GET /css/app.c179f82a.css HTTP/1.1" 304 -
::1 - - [03/Apr/2019:15:17:04 +0000] "GET /js/app.a5a2c3d6.js HTTP/1.1" 304 -
::1 - - [03/Apr/2019:15:17:04 +0000] "GET /js/chunk-vendors.3d4cd4b5.js HTTP/1.1" 304 -
::1 - - [03/Apr/2019:15:17:04 +0000] "GET /favicon.ico HTTP/1.1" 200 1150
::1 - - [03/Apr/2019:15:18:03 +0000] "GET /api HTTP/1.1" 200 807
::1 - - [03/Apr/2019:15:18:03 +0000] "GET /css/app.c179f82a.css HTTP/1.1" 304 -
::1 - - [03/Apr/2019:15:18:03 +0000] "GET /js/app.a5a2c3d6.js HTTP/1.1" 200 6843
::1 - - [03/Apr/2019:15:18:03 +0000] "GET /js/chunk-vendors.3d4cd4b5.js HTTP/1.1" 304 -
::1 - - [03/Apr/2019:15:18:03 +0000] "GET /favicon.ico HTTP/1.1" 200 1150
::1 - - [07/Apr/2019:23:12:40 +0000] "GET /api HTTP/1.1" 200 807
::1 - - [07/Apr/2019:23:12:40 +0000] "GET /css/app.c179f82a.css HTTP/1.1" 304 -
::1 - - [07/Apr/2019:23:12:40 +0000] "GET /js/app.a5a2c3d6.js HTTP/1.1" 200 6843
::1 - - [07/Apr/2019:23:12:40 +0000] "GET /js/chunk-vendors.3d4cd4b5.js HTTP/1.1" 304 -
